<?xml version="1.0" encoding="UTF-8"?>
<!-- Generated by org.testng.reporters.JUnitReportReporter -->
<testsuite hostname="DESKTOP-SBUL904" failures="0" tests="1" name="org.example.AddNewUserTest" time="5.512" errors="0" timestamp="2023-04-27T21:31:18 IST" skipped="0">
  <testcase classname="org.example.AddNewUserTest" name="setup" time="5.512"/>
  <system-out/>
</testsuite> <!-- org.example.AddNewUserTest -->
