<?xml version="1.0" encoding="UTF-8"?>
<!-- Generated by org.testng.reporters.JUnitReportReporter -->
<testsuite hostname="DESKTOP-SBUL904" failures="0" tests="1" name="org.example.ExistingUserTest" time="12.821" errors="0" timestamp="2023-04-27T21:31:18 IST" skipped="0">
  <testcase classname="org.example.ExistingUserTest" name="setup" time="12.821"/>
  <system-out/>
</testsuite> <!-- org.example.ExistingUserTest -->
